Determining if the pthread_create exist failed with the following output:
Change Dir: /home/wang/programmer/cplusplus/3_state/build/CMakeFiles/CMakeTmp

Run Build Command:/usr/bin/make "cmTryCompileExec1413624715/fast"
/usr/bin/make -f CMakeFiles/cmTryCompileExec1413624715.dir/build.make CMakeFiles/cmTryCompileExec1413624715.dir/build
make[1]: 正在进入目录 `/home/wang/programmer/cplusplus/3_state/build/CMakeFiles/CMakeTmp'
/usr/bin/cmake -E cmake_progress_report /home/wang/programmer/cplusplus/3_state/build/CMakeFiles/CMakeTmp/CMakeFiles 1
Building C object CMakeFiles/cmTryCompileExec1413624715.dir/CheckSymbolExists.c.o
/usr/bin/cc    -o CMakeFiles/cmTryCompileExec1413624715.dir/CheckSymbolExists.c.o   -c /home/wang/programmer/cplusplus/3_state/build/CMakeFiles/CMakeTmp/CheckSymbolExists.c
Linking C executable cmTryCompileExec1413624715
/usr/bin/cmake -E cmake_link_script CMakeFiles/cmTryCompileExec1413624715.dir/link.txt --verbose=1
/usr/bin/cc       CMakeFiles/cmTryCompileExec1413624715.dir/CheckSymbolExists.c.o  -o cmTryCompileExec1413624715 -rdynamic 
CMakeFiles/cmTryCompileExec1413624715.dir/CheckSymbolExists.c.o：在函数‘main’中：
CheckSymbolExists.c:(.text+0x16)：对‘pthread_create’未定义的引用
collect2: error: ld returned 1 exit status
make[1]: *** [cmTryCompileExec1413624715] 错误 1
make[1]:正在离开目录 `/home/wang/programmer/cplusplus/3_state/build/CMakeFiles/CMakeTmp'
make: *** [cmTryCompileExec1413624715/fast] 错误 2

File /home/wang/programmer/cplusplus/3_state/build/CMakeFiles/CMakeTmp/CheckSymbolExists.c:
/* */
#include <pthread.h>

int main(int argc, char** argv)
{
  (void)argv;
#ifndef pthread_create
  return ((int*)(&pthread_create))[argc];
#else
  (void)argc;
  return 0;
#endif
}

Determining if the function pthread_create exists in the pthreads failed with the following output:
Change Dir: /home/wang/programmer/cplusplus/3_state/build/CMakeFiles/CMakeTmp

Run Build Command:/usr/bin/make "cmTryCompileExec927307994/fast"
/usr/bin/make -f CMakeFiles/cmTryCompileExec927307994.dir/build.make CMakeFiles/cmTryCompileExec927307994.dir/build
make[1]: 正在进入目录 `/home/wang/programmer/cplusplus/3_state/build/CMakeFiles/CMakeTmp'
/usr/bin/cmake -E cmake_progress_report /home/wang/programmer/cplusplus/3_state/build/CMakeFiles/CMakeTmp/CMakeFiles 1
Building C object CMakeFiles/cmTryCompileExec927307994.dir/CheckFunctionExists.c.o
/usr/bin/cc   -DCHECK_FUNCTION_EXISTS=pthread_create   -o CMakeFiles/cmTryCompileExec927307994.dir/CheckFunctionExists.c.o   -c /usr/share/cmake-2.8/Modules/CheckFunctionExists.c
Linking C executable cmTryCompileExec927307994
/usr/bin/cmake -E cmake_link_script CMakeFiles/cmTryCompileExec927307994.dir/link.txt --verbose=1
/usr/bin/cc   -DCHECK_FUNCTION_EXISTS=pthread_create    CMakeFiles/cmTryCompileExec927307994.dir/CheckFunctionExists.c.o  -o cmTryCompileExec927307994 -rdynamic -lpthreads 
/usr/bin/ld: 找不到 -lpthreads
collect2: error: ld returned 1 exit status
make[1]:正在离开目录 `/home/wang/programmer/cplusplus/3_state/build/CMakeFiles/CMakeTmp'
make[1]: *** [cmTryCompileExec927307994] 错误 1
make: *** [cmTryCompileExec927307994/fast] 错误 2


